SF:lib\components\alert\alert_messenger.dart
DA:6,1
DA:13,1
DA:14,1
DA:16,1
DA:18,2
DA:21,0
DA:22,0
DA:23,0
DA:26,0
DA:29,0
DA:43,1
DA:45,1
DA:47,2
DA:52,2
DA:53,1
DA:57,1
DA:59,1
DA:61,4
DA:63,4
DA:64,1
DA:65,1
DA:71,1
DA:73,2
DA:74,2
DA:75,1
DA:78,1
DA:80,2
DA:82,1
DA:83,1
DA:84,1
DA:85,1
DA:86,1
DA:87,1
DA:88,3
DA:89,1
DA:91,1
DA:92,1
DA:93,1
DA:95,1
DA:96,1
DA:97,1
DA:98,2
DA:101,1
DA:102,2
DA:105,1
DA:106,1
DA:118,1
DA:125,1
DA:128,1
DA:129,1
DA:132,1
DA:133,1
DA:134,1
LF:53
LH:48
end_of_record
SF:lib\components\alert\alert_messenger_controller.dart
DA:8,2
DA:11,4
DA:13,2
DA:16,4
DA:17,4
DA:18,4
DA:22,4
DA:24,14
DA:25,2
DA:27,4
DA:28,1
DA:29,2
DA:34,2
DA:35,4
DA:36,12
DA:37,4
DA:40,2
DA:43,2
DA:44,4
DA:46,8
DA:47,4
DA:48,2
DA:50,4
DA:51,2
DA:56,1
DA:57,2
DA:59,4
DA:60,4
LF:28
LH:28
end_of_record
SF:lib\components\alert\alert_widget.dart
DA:8,3
DA:21,2
DA:23,4
DA:24,2
DA:25,2
DA:26,2
DA:27,2
DA:28,2
DA:29,2
DA:30,2
DA:33,2
DA:34,2
DA:35,2
DA:39,2
DA:44,2
DA:49,2
DA:50,2
DA:54,2
LF:18
LH:18
end_of_record
